Arguments: 
  /usr/local/Cellar/node/17.3.0/bin/node /usr/local/Cellar/yarn/1.22.17_2/libexec/bin/yarn.js package --no-git-check

PATH: 
  /Users/brett/Library/Python/3.8/bin:/Users/brett/Library/Android/sdk/emulator:/Users/brett/Library/Android/sdk/tools:/Users/brett/Library/Android/sdk/tools/bin:/Users/brett/Library/Android/sdk/platform-tools:/usr/local/bin:/usr/bin:/bin:/usr/sbin:/sbin:/Library/Apple/usr/bin

Yarn version: 
  1.22.17

Node version: 
  17.3.0

Platform: 
  darwin x64

Trace: 
  SyntaxError: /Users/brett/src/github.com/brettm12345/svelte-tippy/package.json: Unexpected token < in JSON at position 2
      at JSON.parse (<anonymous>)
      at /usr/local/Cellar/yarn/1.22.17_2/libexec/lib/cli.js:1625:59
      at Generator.next (<anonymous>)
      at step (/usr/local/Cellar/yarn/1.22.17_2/libexec/lib/cli.js:310:30)
      at /usr/local/Cellar/yarn/1.22.17_2/libexec/lib/cli.js:321:13

npm manifest: 
  {
  <<<<<<< Updated upstream
    "name": "svelte-tippy",
    "version": "1.1.0",
    "scripts": {
      "dev": "svelte-kit dev",
      "build": "svelte-kit build",
      "package": "svelte-kit package",
      "preview": "svelte-kit preview",
      "check": "svelte-check --tsconfig ./tsconfig.json",
      "check:watch": "svelte-check --tsconfig ./tsconfig.json --watch",
      "lint": "prettier --ignore-path .gitignore --check --plugin-search-dir=. . && eslint --ignore-path .gitignore .",
      "format": "prettier --ignore-path .gitignore --write --plugin-search-dir=. ."
    },
    "devDependencies": {
      "@sveltejs/adapter-auto": "next",
      "@sveltejs/kit": "next",
      "@typescript-eslint/eslint-plugin": "^4.31.1",
      "@typescript-eslint/parser": "^4.31.1",
      "eslint": "^7.32.0",
      "eslint-config-prettier": "^8.3.0",
      "eslint-plugin-svelte3": "^3.2.1",
      "prettier": "^2.4.1",
      "prettier-plugin-svelte": "^2.4.0",
      "svelte": "^3.44.0",
      "svelte-check": "^2.2.6",
      "svelte-preprocess": "^4.9.4",
      "svelte2tsx": "^0.4.12",
      "tslib": "^2.3.1",
      "typescript": "^4.4.3"
    },
    "type": "module",
    "dependencies": {
      "tippy.js": "^6.3.7"
    }
  =======
  	"name": "svelte-tippy",
  	"version": "1.0.0",
  	"scripts": {
  		"dev": "svelte-kit dev",
  		"build": "svelte-kit build",
  		"package": "svelte-kit package",
  		"preview": "svelte-kit preview",
  		"check": "svelte-check --tsconfig ./tsconfig.json",
  		"check:watch": "svelte-check --tsconfig ./tsconfig.json --watch",
  		"lint": "prettier --ignore-path .gitignore --check --plugin-search-dir=. . && eslint --ignore-path .gitignore .",
  		"format": "prettier --ignore-path .gitignore --write --plugin-search-dir=. ."
  	},
  	"devDependencies": {
  		"@sveltejs/adapter-auto": "next",
  		"@sveltejs/kit": "next",
  		"@typescript-eslint/eslint-plugin": "^4.31.1",
  		"@typescript-eslint/parser": "^4.31.1",
  		"eslint": "^7.32.0",
  		"eslint-config-prettier": "^8.3.0",
  		"eslint-plugin-svelte3": "^3.2.1",
  		"node-sass": "^7.0.1",
  		"prettier": "^2.4.1",
  		"prettier-plugin-svelte": "^2.4.0",
  		"svelte": "^3.44.0",
  		"svelte-check": "^2.2.6",
  		"svelte-preprocess": "^4.9.4",
  		"svelte2tsx": "^0.4.12",
  		"tslib": "^2.3.1",
  		"typescript": "^4.4.3",
  		"vite": "^2.7.10",
  		"vite-plugin-windicss": "^1.6.1",
  		"windicss": "^3.4.2"
  	},
  	"type": "module",
  	"dependencies": {
  		"tippy.js": "^6.3.7"
  	}
  >>>>>>> Stashed changes
  }

yarn manifest: 
  No manifest

Lockfile: 
  No lockfile
